./main.c:18: INFO:C-A3
./runner/destroy/destroy_game_objects.c:20: INFO:C-A3
./runner/destroy/destroy_map.c:15: MINOR:C-L6
./runner/destroy/destroy_map.c:25: INFO:C-A3
./runner/destroy/destroy_parralax.c:14: MINOR:C-L6
./runner/destroy/destroy_parralax.c:24: INFO:C-A3
./runner/destroy/destroy_player.c:17: INFO:C-A3
./runner/destroy/destroy_score.c:15: INFO:C-A3
./runner/destroy/destroy_sound.c:14: MINOR:C-L6
./runner/destroy/destroy_sound.c:18: INFO:C-A3
./runner/display/display_map.c:16: MINOR:C-L6
./runner/display/display_map.c:23: INFO:C-A3
./runner/display/display_objects.c:16: INFO:C-A3
./runner/display/display_parralax.c:20: MINOR:C-L6
./runner/display/display_parralax.c:21: MAJOR:C-L1
./runner/display/display_parralax.c:31: INFO:C-A3
./runner/display/display_player.c:21: INFO:C-A3
./runner/display/display_score.c:16: INFO:C-A3
./runner/final_screen.c:30: MINOR:C-L6
./runner/final_screen.c:35: MAJOR:C-L1
./runner/final_screen.c:42: INFO:C-A3
./runner/handle_events.c:14: MINOR:C-L6
./runner/handle_events.c:19: MAJOR:C-C1
./runner/handle_events.c:30: INFO:C-A3
./runner/handle_key_pressed.c:16: INFO:C-A3
./runner/helper.c:17: INFO:C-A3
./runner/init/init_game_objects.c:32: INFO:C-A3
./runner/init/init_map.c:39: MINOR:C-L6
./runner/init/init_map.c:63: MINOR:C-L6
./runner/init/init_map.c:64: MINOR:C-L6
./runner/init/init_map.c:74: MINOR:C-L6
./runner/init/init_map.c:76: MINOR:C-L6
./runner/init/init_map.c:90: INFO:C-A3
./runner/init/init_parralax.c:15: MINOR:C-L6
./runner/init/init_parralax.c:30: MINOR:C-L6
./runner/init/init_parralax.c:39: INFO:C-A3
./runner/init/init_player.c:15: MINOR:C-L6
./runner/init/init_player.c:28: MINOR:C-L6
./runner/init/init_player.c:44: INFO:C-A3
./runner/init/init_score.c:16: INFO:C-A3
./runner/init/init_sound.c:16: MINOR:C-L6
./runner/init/init_sound.c:24: INFO:C-A3
./runner/init/init_window.c:19: INFO:C-A3
./runner/is_won.c:13: MINOR:C-L6
./runner/is_won.c:19: INFO:C-A3
./runner/my_runner.c:16: MINOR:C-L6
./runner/my_runner.c:32: INFO:C-A3
./runner/physics/apply_gravity.c:13: INFO:C-A3
./runner/physics/check_collisions.c:13: MINOR:C-L6
./runner/physics/check_collisions.c:17: MAJOR:C-C1
./runner/physics/check_collisions.c:21: INFO:C-A3
./runner/physics/is_sprite_colliding.c:15: INFO:C-A3
./runner/sound/sound_jump.c:16: INFO:C-A3
./runner/utility/get_next_line.c:55: MAJOR:C-L1
./runner/utility/get_next_line.c:62: MAJOR:C-L1
./runner/utility/get_next_line.c:63: MAJOR:C-L1
./runner/utility/get_next_line.c:67: MAJOR:C-F4
./runner/utility/get_next_line.c:78: MAJOR:C-L1
./runner/utility/get_next_line.c:92: INFO:C-A3
./runner/utility/int_to_string.c:21: INFO:C-A3
./runner/wait_for_input.c:29: MINOR:C-L6
./runner/wait_for_input.c:38: MAJOR:C-C1
./runner/wait_for_input.c:46: INFO:C-A3
